<?xml version="1.0" encoding="UTF-8"?>
<testng-results ignored="0" total="1" passed="1" failed="0" skipped="0">
  <reporter-output>
  </reporter-output>
  <suite started-at="2021-03-30T12:57:24 IST" name="Default suite" finished-at="2021-03-30T12:57:57 IST" duration-ms="32903">
    <groups>
    </groups>
    <test started-at="2021-03-30T12:57:24 IST" name="Default test" finished-at="2021-03-30T12:57:57 IST" duration-ms="32903">
      <class name="com.Flipkart.testscripts.LoginTest">
        <test-method is-config="true" signature="openBrowser()[pri:0, instance:com.Flipkart.testscripts.LoginTest@6a400542]" started-at="2021-03-30T12:57:24 IST" name="openBrowser" finished-at="2021-03-30T12:57:41 IST" duration-ms="16807" status="PASS">
          <reporter-output>
          </reporter-output>
        </test-method> <!-- openBrowser -->
        <test-method is-config="true" signature="loginFlipkart()[pri:0, instance:com.Flipkart.testscripts.LoginTest@6a400542]" started-at="2021-03-30T12:57:41 IST" name="loginFlipkart" finished-at="2021-03-30T12:57:46 IST" duration-ms="4710" status="PASS">
          <reporter-output>
          </reporter-output>
        </test-method> <!-- loginFlipkart -->
        <test-method signature="Login()[pri:0, instance:com.Flipkart.testscripts.LoginTest@6a400542]" started-at="2021-03-30T12:57:46 IST" name="Login" finished-at="2021-03-30T12:57:46 IST" duration-ms="12" status="PASS">
          <reporter-output>
          </reporter-output>
        </test-method> <!-- Login -->
        <test-method is-config="true" signature="logout()[pri:0, instance:com.Flipkart.testscripts.LoginTest@6a400542]" started-at="2021-03-30T12:57:46 IST" name="logout" finished-at="2021-03-30T12:57:55 IST" duration-ms="9070" status="PASS">
          <reporter-output>
          </reporter-output>
        </test-method> <!-- logout -->
        <test-method is-config="true" signature="closeBrowser()[pri:0, instance:com.Flipkart.testscripts.LoginTest@6a400542]" started-at="2021-03-30T12:57:55 IST" name="closeBrowser" finished-at="2021-03-30T12:57:57 IST" duration-ms="2198" status="PASS">
          <reporter-output>
          </reporter-output>
        </test-method> <!-- closeBrowser -->
      </class> <!-- com.Flipkart.testscripts.LoginTest -->
    </test> <!-- Default test -->
  </suite> <!-- Default suite -->
</testng-results>
